<?xml version="1.0" encoding="UTF-8"?>
<testsuite xmlns:xsi="http://www.w3.org/2001/XMLSchema-instance" xsi:noNamespaceSchemaLocation="https://maven.apache.org/surefire/maven-surefire-plugin/xsd/surefire-test-report.xsd" name="com.udea.labfaker.LabfakerApplicationTests" time="7.288" tests="7" errors="0" skipped="0" failures="0">
  <properties>
[...]
</properties>
  <testcase name="currenciesLength" classname="com.udea.labfaker.LabfakerApplicationTests" time="1.805"/>
  <testcase name="health" classname="com.udea.labfaker.LabfakerApplicationTests" time="0.003"/>
  <testcase name="aviationsLength" classname="com.udea.labfaker.LabfakerApplicationTests" time="0.853"/>
  <testcase name="randomCurrenciesCodeFormat" classname="com.udea.labfaker.LabfakerApplicationTests" time="0.73"/>
  <testcase name="version" classname="com.udea.labfaker.LabfakerApplicationTests" time="0.002"/>
  <testcase name="nations" classname="com.udea.labfaker.LabfakerApplicationTests" time="0.717"/>
  <testcase name="testRandomNationsPerformance" classname="com.udea.labfaker.LabfakerApplicationTests" time="0.598"/>
</testsuite>